<?xml version="1.0" encoding="UTF-8"?>
<!-- Generated by org.testng.reporters.JUnitReportReporter -->
<testsuite hostname="MacBook-Air-Olesia.local" failures="0" tests="1" name="com.demoqa.tests.PracticeFormTest" time="18.390" errors="0" timestamp="2024-04-18T12:25:12 CEST" skipped="0">
  <testcase classname="com.demoqa.tests.PracticeFormTest" name="createStudentAccountTest" time="18.390"/>
</testsuite> <!-- com.demoqa.tests.PracticeFormTest -->
